<?xml version="1.0" encoding="utf-8"?><testsuites name="pytest tests"><testsuite name="pytest" errors="0" failures="0" skipped="0" tests="14" time="28.536" timestamp="2026-08-26T03:37:52.637784+00:00" hostname="agent-env-4b330647-61d5-4935-96ae-3f5d2f8a2dcb"><testcase classname="tests.backend_test.TestPrices" name="test_prices_shape" time="0.249" /><testcase classname="tests.backend_test.TestNamePreview" name="test_name_preview_all_tlds" time="25.899" /><testcase classname="tests.backend_test.TestPrices" name="test_examples_quality" time="0.055" /><testcase classname="tests.backend_test.TestPrices" name="test_no_mongo_id_leak" time="0.063" /><testcase classname="tests.backend_test.TestNamePreviewStream" name="test_stream_fresh_name_progressive" time="27.269" /><testcase classname="tests.backend_test.TestNamePreview" name="test_name_sanitization" time="0.141" /><testcase classname="tests.backend_test.TestNamePreview" name="test_empty_name" time="0.046" /><testcase classname="tests.backend_test.TestNamePreview" name="test_missing_param_returns_422" time="0.049" /><testcase classname="tests.backend_test.TestLeadsAndStatus" name="test_create_lead_and_persist" time="0.099" /><testcase classname="tests.backend_test.TestLeadsAndStatus" name="test_lead_validation" time="0.045" /><testcase classname="tests.backend_test.TestLeadsAndStatus" name="test_status_create_and_list" time="0.089" /><testcase classname="tests.backend_test.TestHealth" name="test_root" time="0.045" /><testcase classname="tests.backend_test.TestNamePreviewStream" name="test_stream_cached_is_fast" time="0.207" /><testcase classname="tests.backend_test.TestNamePreviewStream" name="test_stream_empty_name_no_rows" time="0.137" /></testsuite></testsuites>