<?xml version="1.0" encoding="utf-8"?><testsuites name="pytest tests"><testsuite name="pytest" errors="0" failures="0" skipped="0" tests="18" time="40.555" timestamp="2026-08-26T03:59:39.486557+00:00" hostname="agent-env-4b330647-61d5-4935-96ae-3f5d2f8a2dcb"><testcase classname="tests.backend_test.TestNamePreview" name="test_name_preview_all_tlds" time="34.336" /><testcase classname="tests.backend_test.TestSharePages" name="test_share_page_meta" time="0.206" /><testcase classname="tests.backend_test.TestSharePages" name="test_share_page_has_price" time="0.056" /><testcase classname="tests.backend_test.TestSharePages" name="test_og_image_asset" time="0.823" /><testcase classname="tests.backend_test.TestSharePages" name="test_share_unknown_slug_404" time="0.045" /><testcase classname="tests.backend_test.TestPrices" name="test_prices_shape" time="0.044" /><testcase classname="tests.backend_test.TestPrices" name="test_examples_quality" time="0.047" /><testcase classname="tests.backend_test.TestPrices" name="test_no_mongo_id_leak" time="0.046" /><testcase classname="tests.backend_test.TestNamePreviewStream" name="test_stream_fresh_name_progressive" time="38.135" /><testcase classname="tests.backend_test.TestNamePreview" name="test_name_sanitization" time="0.041" /><testcase classname="tests.backend_test.TestNamePreview" name="test_empty_name" time="0.042" /><testcase classname="tests.backend_test.TestNamePreview" name="test_missing_param_returns_422" time="0.044" /><testcase classname="tests.backend_test.TestLeadsAndStatus" name="test_create_lead_and_persist" time="0.084" /><testcase classname="tests.backend_test.TestLeadsAndStatus" name="test_lead_validation" time="0.080" /><testcase classname="tests.backend_test.TestLeadsAndStatus" name="test_status_create_and_list" time="0.084" /><testcase classname="tests.backend_test.TestHealth" name="test_root" time="0.042" /><testcase classname="tests.backend_test.TestNamePreviewStream" name="test_stream_cached_is_fast" time="0.296" /><testcase classname="tests.backend_test.TestNamePreviewStream" name="test_stream_empty_name_no_rows" time="0.154" /></testsuite></testsuites>